<?xml version="1.0" encoding="UTF-8"?>
<!-- Generated by org.testng.reporters.JUnitReportReporter -->
<testsuite hostname="TPK" name="testcases.VerifyLoginpageReportswithScreenshot" tests="1" failures="0" timestamp="7 Aug 2017 18:17:30 GMT" time="35.774" errors="0">
  <testcase name="testhomepage" time="35.774" classname="testcases.VerifyLoginpageReportswithScreenshot"/>
</testsuite> <!-- testcases.VerifyLoginpageReportswithScreenshot -->
