<?xml version="1.0" encoding="UTF-8"?>
<!-- Generated by org.testng.reporters.JUnitReportReporter -->
<testsuite hostname="TPK" name="testcases.VerifyLoginpageReports" tests="1" failures="0" timestamp="7 Aug 2017 18:17:30 GMT" time="42.528" errors="0">
  <testcase name="testhomepage" time="42.528" classname="testcases.VerifyLoginpageReports"/>
</testsuite> <!-- testcases.VerifyLoginpageReports -->
