<?xml version="1.0" encoding="UTF-8"?>
<!-- Generated by org.testng.reporters.JUnitReportReporter -->
<testsuite hostname="TPK" name="testcases.VerifyHomepage" tests="1" failures="0" timestamp="14 Aug 2017 07:39:04 GMT" time="24.704" errors="0">
  <testcase name="testhomepage" time="24.704" classname="testcases.VerifyHomepage"/>
</testsuite> <!-- testcases.VerifyHomepage -->
