<?xml version="1.0" encoding="UTF-8"?>
<!-- Generated by org.testng.reporters.JUnitReportReporter -->
<testsuite hostname="TPK" name="testcases.VerifyHomepage" tests="1" failures="0" timestamp="17 Aug 2017 09:46:02 GMT" time="23.856" errors="0">
  <testcase name="testhomepage" time="23.856" classname="testcases.VerifyHomepage"/>
</testsuite> <!-- testcases.VerifyHomepage -->
