<?xml version="1.0" encoding="UTF-8"?>
<!-- Generated by org.testng.reporters.JUnitReportReporter -->
<testsuite hostname="TPK" name="testcases.VerifyLoginpage" tests="1" failures="0" timestamp="16 Aug 2017 17:24:32 GMT" time="101.698" errors="0">
  <testcase name="testhomepage" time="101.698" classname="testcases.VerifyLoginpage"/>
</testsuite> <!-- testcases.VerifyLoginpage -->
